<?xml version="1.0" encoding="UTF-8"?>
<!-- Generated by org.testng.reporters.JUnitReportReporter -->
<testsuite skipped="0" hostname="LAPTOP-3VGOOEHL" name="TestScript.Test" tests="1" failures="0" timestamp="2022-05-07T09:40:36 IST" time="16.339" errors="0">
  <testcase name="test" time="16.339" classname="TestScript.Test"/>
  <system-out/>
</testsuite> <!-- TestScript.Test -->
